<?xml version="1.0" encoding="UTF-8"?>
<!-- Generated by org.testng.reporters.JUnitReportReporter -->
<testsuite skipped="0" hostname="SHARMILA-PC" name="Myntra_Package.NewTest" tests="1" failures="0" timestamp="28 Dec 2019 12:51:02 GMT" time="0.024" errors="0">
  <testcase name="f" time="0.024" classname="Myntra_Package.NewTest"/>
</testsuite> <!-- Myntra_Package.NewTest -->
