<?xml version="1.0" encoding="UTF-8"?>
<!-- Generated by org.testng.reporters.JUnitReportReporter -->
<testsuite skipped="0" hostname="SHARMILA-PC" name="Myntra_Package.TestNG" tests="1" failures="0" timestamp="28 Dec 2019 17:37:57 GMT" time="0.012" errors="0">
  <testcase name="f" time="0.012" classname="Myntra_Package.TestNG"/>
</testsuite> <!-- Myntra_Package.TestNG -->
