<?xml version="1.0" encoding="UTF-8"?>
<!-- Generated by org.testng.reporters.JUnitReportReporter -->
<testsuite skipped="0" hostname="SHARMILA-PC" name="Myntra_Package.TestNG_Grouping" tests="2" failures="0" timestamp="28 Dec 2019 17:43:28 GMT" time="0.016" errors="0">
  <testcase name="sitansu" time="0.016" classname="Myntra_Package.TestNG_Grouping"/>
  <testcase name="sonali_sitansu" time="0.000" classname="Myntra_Package.TestNG_Grouping"/>
</testsuite> <!-- Myntra_Package.TestNG_Grouping -->
